{"numTotalTestSuites":147,"numPassedTestSuites":147,"numFailedTestSuites":0,"numPendingTestSuites":0,"numTotalTests":566,"numPassedTests":566,"numFailedTests":0,"numPendingTests":0,"numTodoTests":0,"startTime":1777462082238,"success":true,"testResults":[{"assertionResults":[{"ancestorTitles":["","plugin API boundary"],"fullName":" plugin API boundary declares Go control-plane request paths only in src/api/go-control-plane.ts","status":"passed","title":"declares Go control-plane request paths only in src/api/go-control-plane.ts","duration":7,"failureMessages":[]},{"ancestorTitles":["","plugin API boundary"],"fullName":" plugin API boundary declares legacy remote API paths only in src/api/remote-safety-service.ts","status":"passed","title":"declares legacy remote API paths only in src/api/remote-safety-service.ts","duration":5,"failureMessages":[]}],"startTime":1777462101207,"endTime":1777462101219,"status":"passed","message":"","name":"C:/Users/24716/.openclaw/extensions/openclaw-lynx-guardian/test/api-boundary.test.ts"},{"assertionResults":[{"ancestorTitles":["","API Client"],"fullName":" API Client registerUser should call /register","status":"passed","title":"registerUser should call /register","duration":3,"failureMessages":[]},{"ancestorTitles":["","API Client"],"fullName":" API Client checkContent should call /content_check","status":"passed","title":"checkContent should call /content_check","duration":1,"failureMessages":[]},{"ancestorTitles":["","API Client"],"fullName":" API Client checkTool should call /tool_check","status":"passed","title":"checkTool should call /tool_check","duration":0,"failureMessages":[]},{"ancestorTitles":["","API Client"],"fullName":" API Client pushRecord should call /push_record","status":"passed","title":"pushRecord should call /push_record","duration":1,"failureMessages":[]},{"ancestorTitles":["","API Client"],"fullName":" API Client should throw on non-200 response (P1-6)","status":"passed","title":"should throw on non-200 response (P1-6)","duration":1,"failureMessages":[]},{"ancestorTitles":["","API Client"],"fullName":" API Client should throw on timeout (P1-5)","status":"passed","title":"should throw on timeout (P1-5)","duration":0,"failureMessages":[]}],"startTime":1777462096715,"endTime":1777462096721,"status":"passed","message":"","name":"C:/Users/24716/.openclaw/extensions/openclaw-lynx-guardian/test/api.test.ts"},{"assertionResults":[{"ancestorTitles":["","approval channel alignment"],"fullName":" approval channel alignment blocks feishu protected-read prompts in before_agent_start instead of deferring them","status":"passed","title":"blocks feishu protected-read prompts in before_agent_start instead of deferring them","duration":57,"failureMessages":[]},{"ancestorTitles":["","approval channel alignment"],"fullName":" approval channel alignment keeps feishu approvals as a single visible prompt without proactive sendMessage","status":"passed","title":"keeps feishu approvals as a single visible prompt without proactive sendMessage","duration":97,"failureMessages":[]},{"ancestorTitles":["","approval channel alignment"],"fullName":" approval channel alignment keeps 2026.3.28+ webchat runtimes native and free of feishu wording","status":"passed","title":"keeps 2026.3.28+ webchat runtimes native and free of feishu wording","duration":60,"failureMessages":[]},{"ancestorTitles":["","approval channel alignment"],"fullName":" approval channel alignment routes legacy webchat runtimes through feishu local approval when a recent owner dm route exists","status":"passed","title":"routes legacy webchat runtimes through feishu local approval when a recent owner dm route exists","duration":52,"failureMessages":[]},{"ancestorTitles":["","approval channel alignment"],"fullName":" approval channel alignment fails closed when the only recent feishu dm route belongs to a non-approver","status":"passed","title":"fails closed when the only recent feishu dm route belongs to a non-approver","duration":52,"failureMessages":[]},{"ancestorTitles":["","approval channel alignment"],"fullName":" approval channel alignment fails closed for legacy webchat runtimes without a feishu route","status":"passed","title":"fails closed for legacy webchat runtimes without a feishu route","duration":51,"failureMessages":[]}],"startTime":1777462089924,"endTime":1777462090294,"status":"passed","message":"","name":"C:/Users/24716/.openclaw/extensions/openclaw-lynx-guardian/test/approval-channel-alignment.test.ts"},{"assertionResults":[{"ancestorTitles":["","approval grant store"],"fullName":" approval grant store matches same-source same-requester same-module lower-risk retries across runs","status":"passed","title":"matches same-source same-requester same-module lower-risk retries across runs","duration":2,"failureMessages":[]},{"ancestorTitles":["","approval grant store"],"fullName":" approval grant store does not match a different source, requester, or higher risk","status":"passed","title":"does not match a different source, requester, or higher risk","duration":0,"failureMessages":[]}],"startTime":1777462098380,"endTime":1777462098382,"status":"passed","message":"","name":"C:/Users/24716/.openclaw/extensions/openclaw-lynx-guardian/test/approval-grant-store.test.ts"},{"assertionResults":[{"ancestorTitles":["","approval request fingerprint"],"fullName":" approval request fingerprint is deterministic for equivalent feishu request content","status":"passed","title":"is deterministic for equivalent feishu request content","duration":1,"failureMessages":[]},{"ancestorTitles":["","approval request fingerprint"],"fullName":" approval request fingerprint changes when prompt text or protected target summary changes","status":"passed","title":"changes when prompt text or protected target summary changes","duration":1,"failureMessages":[]},{"ancestorTitles":["","approval request fingerprint"],"fullName":" approval request fingerprint keeps protected target summary case-sensitive","status":"passed","title":"keeps protected target summary case-sensitive","duration":0,"failureMessages":[]}],"startTime":1777462097678,"endTime":1777462097680,"status":"passed","message":"","name":"C:/Users/24716/.openclaw/extensions/openclaw-lynx-guardian/test/approval-request-fingerprint.test.ts"},{"assertionResults":[{"ancestorTitles":["","Blacklist Logic","checkExecBlacklist (Critical)"],"fullName":" Blacklist Logic checkExecBlacklist (Critical) should block rm -rf /","status":"passed","title":"should block rm -rf /","duration":37,"failureMessages":[]},{"ancestorTitles":["","Blacklist Logic","checkExecBlacklist (Critical)"],"fullName":" Blacklist Logic checkExecBlacklist (Critical) should block rm -rf ~/","status":"passed","title":"should block rm -rf ~/","duration":16,"failureMessages":[]},{"ancestorTitles":["","Blacklist Logic","checkExecBlacklist (Critical)"],"fullName":" Blacklist Logic checkExecBlacklist (Critical) should block mkfs","status":"passed","title":"should block mkfs","duration":0,"failureMessages":[]},{"ancestorTitles":["","Blacklist Logic","checkExecBlacklist (Critical)"],"fullName":" Blacklist Logic checkExecBlacklist (Critical) should block modifying /etc/passwd","status":"passed","title":"should block modifying /etc/passwd","duration":1,"failureMessages":[]},{"ancestorTitles":["","Blacklist Logic","checkExecBlacklist (Critical)"],"fullName":" Blacklist Logic checkExecBlacklist (Critical) should block pipe attacks","status":"passed","title":"should block pipe attacks","duration":0,"failureMessages":[]},{"ancestorTitles":["","Blacklist Logic","checkExecBlacklist (Critical)"],"fullName":" Blacklist Logic checkExecBlacklist (Critical) should block python reverse shell","status":"passed","title":"should block python reverse shell","duration":3,"failureMessages":[]},{"ancestorTitles":["","Blacklist Logic","checkExecBlacklist (Critical)"],"fullName":" Blacklist Logic checkExecBlacklist (Critical) should block Windows destructive/system-compromise commands","status":"passed","title":"should block Windows destructive/system-compromise commands","duration":8,"failureMessages":[]},{"ancestorTitles":["","Blacklist Logic","checkExecBlacklist (Critical)"],"fullName":" Blacklist Logic checkExecBlacklist (Critical) should block dangerous wrapper executors","status":"passed","title":"should block dangerous wrapper executors","duration":0,"failureMessages":[]},{"ancestorTitles":["","Blacklist Logic","checkExecBlacklist (Critical)"],"fullName":" Blacklist Logic checkExecBlacklist (Critical) should block inline interpreters modifying protected system targets","status":"passed","title":"should block inline interpreters modifying protected system targets","duration":1,"failureMessages":[]},{"ancestorTitles":["","Blacklist Logic","checkExecBlacklist (Critical)"],"fullName":" Blacklist Logic checkExecBlacklist (Critical) should block SSH remote-login control and shutdown availability actions","status":"passed","title":"should block SSH remote-login control and shutdown availability actions","duration":0,"failureMessages":[]},{"ancestorTitles":["","Blacklist Logic","checkExecBlacklist (Critical)"],"fullName":" Blacklist Logic checkExecBlacklist (Critical) should block glob-obfuscated reads of protected system auth files","status":"passed","title":"should block glob-obfuscated reads of protected system auth files","duration":1,"failureMessages":[]},{"ancestorTitles":["","Blacklist Logic","checkExecBlacklist (Critical)"],"fullName":" Blacklist Logic checkExecBlacklist (Critical) should block statically assembled reads of protected system auth files","status":"passed","title":"should block statically assembled reads of protected system auth files","duration":2,"failureMessages":[]},{"ancestorTitles":["","Blacklist Logic","checkExecBlacklist (Warning)"],"fullName":" Blacklist Logic checkExecBlacklist (Warning) should warn on sudo","status":"passed","title":"should warn on sudo","duration":1,"failureMessages":[]},{"ancestorTitles":["","Blacklist Logic","checkExecBlacklist (Warning)"],"fullName":" Blacklist Logic checkExecBlacklist (Warning) should warn on chmod 777","status":"passed","title":"should warn on chmod 777","duration":1,"failureMessages":[]},{"ancestorTitles":["","Blacklist Logic","checkExecBlacklist (Warning)"],"fullName":" Blacklist Logic checkExecBlacklist (Warning) should warn on systemctl stop","status":"passed","title":"should warn on systemctl stop","duration":0,"failureMessages":[]},{"ancestorTitles":["","Blacklist Logic","checkExecBlacklist (Warning)"],"fullName":" Blacklist Logic checkExecBlacklist (Warning) should warn on Windows risky administrative commands","status":"passed","title":"should warn on Windows risky administrative commands","duration":2,"failureMessages":[]},{"ancestorTitles":["","Blacklist Logic","checkExecBlacklist (Safe)"],"fullName":" Blacklist Logic checkExecBlacklist (Safe) should allow ls","status":"passed","title":"should allow ls","duration":0,"failureMessages":[]},{"ancestorTitles":["","Blacklist Logic","checkExecBlacklist (Safe)"],"fullName":" Blacklist Logic checkExecBlacklist (Safe) should allow git commands","status":"passed","title":"should allow git commands","duration":0,"failureMessages":[]},{"ancestorTitles":["","Blacklist Logic","checkExecBlacklist (Safe)"],"fullName":" Blacklist Logic checkExecBlacklist (Safe) should allow echo without pipe to shell","status":"passed","title":"should allow echo without pipe to shell","duration":0,"failureMessages":[]},{"ancestorTitles":["","Blacklist Logic","checkExecBlacklist (Safe)"],"fullName":" Blacklist Logic checkExecBlacklist (Safe) should allow safe Windows read-only commands","status":"passed","title":"should allow safe Windows read-only commands","duration":0,"failureMessages":[]},{"ancestorTitles":["","Blacklist Logic","checkExecBlacklist (Safe)"],"fullName":" Blacklist Logic checkExecBlacklist (Safe) should allow safe wrapper inspection commands","status":"passed","title":"should allow safe wrapper inspection commands","duration":1,"failureMessages":[]},{"ancestorTitles":["","Blacklist Logic","checkExecBlacklist (Safe)"],"fullName":" Blacklist Logic checkExecBlacklist (Safe) should allow inline interpreters on non-protected targets","status":"passed","title":"should allow inline interpreters on non-protected targets","duration":0,"failureMessages":[]},{"ancestorTitles":["","Blacklist Logic","checkExecBlacklist (Masquerade)"],"fullName":" Blacklist Logic checkExecBlacklist (Masquerade) should flag executable masquerade setup and hint commands","status":"passed","title":"should flag executable masquerade setup and hint commands","duration":1,"failureMessages":[]},{"ancestorTitles":["","Blacklist Logic","checkExecBlacklist (Masquerade)"],"fullName":" Blacklist Logic checkExecBlacklist (Masquerade) should escalate unknown executable hosts in hard-tainted sessions","status":"passed","title":"should escalate unknown executable hosts in hard-tainted sessions","duration":1,"failureMessages":[]},{"ancestorTitles":["","Blacklist Logic","checkExecBlacklist (Masquerade)"],"fullName":" Blacklist Logic checkExecBlacklist (Masquerade) should keep obviously read-only commands allowed during soft taint","status":"passed","title":"should keep obviously read-only commands allowed during soft taint","duration":1,"failureMessages":[]},{"ancestorTitles":["","Blacklist Logic","checkPathBlacklist"],"fullName":" Blacklist Logic checkPathBlacklist should block /etc/passwd","status":"passed","title":"should block /etc/passwd","duration":0,"failureMessages":[]},{"ancestorTitles":["","Blacklist Logic","checkPathBlacklist"],"fullName":" Blacklist Logic checkPathBlacklist should block /boot/","status":"passed","title":"should block /boot/","duration":0,"failureMessages":[]},{"ancestorTitles":["","Blacklist Logic","checkPathBlacklist"],"fullName":" Blacklist Logic checkPathBlacklist should warn on /etc/ config files","status":"passed","title":"should warn on /etc/ config files","duration":0,"failureMessages":[]},{"ancestorTitles":["","Blacklist Logic","checkPathBlacklist"],"fullName":" Blacklist Logic checkPathBlacklist should allow user home files","status":"passed","title":"should allow user home files","duration":0,"failureMessages":[]},{"ancestorTitles":["","Blacklist Logic","checkPathBlacklist"],"fullName":" Blacklist Logic checkPathBlacklist should block sensitive Windows paths and allow normal project files","status":"passed","title":"should block sensitive Windows paths and allow normal project files","duration":0,"failureMessages":[]}],"startTime":1777462090910,"endTime":1777462090989,"status":"passed","message":"","name":"C:/Users/24716/.openclaw/extensions/openclaw-lynx-guardian/test/blacklist.test.ts"},{"assertionResults":[{"ancestorTitles":["","DecisionBroker"],"fullName":" DecisionBroker returns local L4 without calling Go","status":"passed","title":"returns local L4 without calling Go","duration":5,"failureMessages":[]},{"ancestorTitles":["","DecisionBroker"],"fullName":" DecisionBroker reuses input prefetch for before_dispatch","status":"passed","title":"reuses input prefetch for before_dispatch","duration":2,"failureMessages":[]},{"ancestorTitles":["","DecisionBroker"],"fullName":" DecisionBroker returns degraded warn for ordinary input timeout","status":"passed","title":"returns degraded warn for ordinary input timeout","duration":1,"failureMessages":[]},{"ancestorTitles":["","DecisionBroker"],"fullName":" DecisionBroker requires approval for dangerous tool timeout","status":"passed","title":"requires approval for dangerous tool timeout","duration":16,"failureMessages":[]},{"ancestorTitles":["","DecisionBroker"],"fullName":" DecisionBroker maps require_approval tool decisions to OpenClaw tool approval","status":"passed","title":"maps require_approval tool decisions to OpenClaw tool approval","duration":1,"failureMessages":[]},{"ancestorTitles":["","DecisionBroker"],"fullName":" DecisionBroker blocks L4 tool decisions even if Go response asks for approval","status":"passed","title":"blocks L4 tool decisions even if Go response asks for approval","duration":0,"failureMessages":[]},{"ancestorTitles":["","DecisionBroker"],"fullName":" DecisionBroker routes skill installs to the install decision endpoint instead of generic tool decision","status":"passed","title":"routes skill installs to the install decision endpoint instead of generic tool decision","duration":1,"failureMessages":[]},{"ancestorTitles":["","DecisionBroker"],"fullName":" DecisionBroker keeps sync-only handlers synchronous","status":"passed","title":"keeps sync-only handlers synchronous","duration":0,"failureMessages":[]}],"startTime":1777462092910,"endTime":1777462092936,"status":"passed","message":"","name":"C:/Users/24716/.openclaw/extensions/openclaw-lynx-guardian/test/decision-broker.test.ts"},{"assertionResults":[{"ancestorTitles":["","loadDiscoveryRuntimeConfig"],"fullName":" loadDiscoveryRuntimeConfig returns defaults when inline config is missing","status":"passed","title":"returns defaults when inline config is missing","duration":2,"failureMessages":[]},{"ancestorTitles":["","loadDiscoveryRuntimeConfig"],"fullName":" loadDiscoveryRuntimeConfig merges inline openclawDiscovery config with defaults","status":"passed","title":"merges inline openclawDiscovery config with defaults","duration":0,"failureMessages":[]}],"startTime":1777462102314,"endTime":1777462102317,"status":"passed","message":"","name":"C:/Users/24716/.openclaw/extensions/openclaw-lynx-guardian/test/discovery-runtime-config.test.ts"},{"assertionResults":[{"ancestorTitles":["","feishu local approval entry"],"fullName":" feishu local approval entry creates a real Feishu local approval token from before_tool_call and lets owner allow-once auto replay the approved request","status":"passed","title":"creates a real Feishu local approval token from before_tool_call and lets owner allow-once auto replay the approved request","duration":105,"failureMessages":[]},{"ancestorTitles":["","feishu local approval entry"],"fullName":" feishu local approval entry does not use direct sender fallback when proactive Feishu prompt delivery is disabled","status":"passed","title":"does not use direct sender fallback when proactive Feishu prompt delivery is disabled","duration":46,"failureMessages":[]},{"ancestorTitles":["","feishu local approval entry"],"fullName":" feishu local approval entry consumes owner allow-once replies in before_dispatch and tells the requester to resend","status":"passed","title":"consumes owner allow-once replies in before_dispatch and tells the requester to resend","duration":21,"failureMessages":[]},{"ancestorTitles":["","feishu local approval entry"],"fullName":" feishu local approval entry rejects non-owner /lynx-approve replies and leaves the approval unresolved","status":"passed","title":"rejects non-owner /lynx-approve replies and leaves the approval unresolved","duration":23,"failureMessages":[]},{"ancestorTitles":["","feishu local approval entry"],"fullName":" feishu local approval entry consumes unknown /lynx-approve tokens with a clear error reply","status":"passed","title":"consumes unknown /lynx-approve tokens with a clear error reply","duration":22,"failureMessages":[]},{"ancestorTitles":["","feishu local approval entry"],"fullName":" feishu local approval entry returns a denial reply for owner deny commands without creating a retry grant","status":"passed","title":"returns a denial reply for owner deny commands without creating a retry grant","duration":23,"failureMessages":[]},{"ancestorTitles":["","feishu local approval entry"],"fullName":" feishu local approval entry persists promptText into the run approval context during before_agent_start","status":"passed","title":"persists promptText into the run approval context during before_agent_start","duration":30,"failureMessages":[]},{"ancestorTitles":["","feishu local approval entry"],"fullName":" feishu local approval entry consumes a matching retry grant on the retried request and opens a same-run continuation window","status":"passed","title":"consumes a matching retry grant on the retried request and opens a same-run continuation window","duration":52,"failureMessages":[]},{"ancestorTitles":["","feishu local approval entry"],"fullName":" feishu local approval entry does not reuse a Feishu retry grant when the retried protected target changes","status":"passed","title":"does not reuse a Feishu retry grant when the retried protected target changes","duration":47,"failureMessages":[]},{"ancestorTitles":["","feishu local approval entry"],"fullName":" feishu local approval entry requires fresh approval for higher-risk follow-ups and Go-mediated module switches","status":"passed","title":"requires fresh approval for higher-risk follow-ups and Go-mediated module switches","duration":53,"failureMessages":[]}],"startTime":1777462089167,"endTime":1777462089589,"status":"passed","message":"","name":"C:/Users/24716/.openclaw/extensions/openclaw-lynx-guardian/test/feishu-local-approval-entry.test.ts"},{"assertionResults":[{"ancestorTitles":["","feishu local approval grant store"],"fullName":" feishu local approval grant store matches exact scope and consumes a one-time grant","status":"passed","title":"matches exact scope and consumes a one-time grant","duration":2,"failureMessages":[]},{"ancestorTitles":["","feishu local approval grant store"],"fullName":" feishu local approval grant store does not match different fingerprint, higher risk, or non-feishu channel","status":"passed","title":"does not match different fingerprint, higher risk, or non-feishu channel","duration":0,"failureMessages":[]},{"ancestorTitles":["","feishu local approval grant store"],"fullName":" feishu local approval grant store prunes expired grants","status":"passed","title":"prunes expired grants","duration":1,"failureMessages":[]},{"ancestorTitles":["","feishu local approval grant store"],"fullName":" feishu local approval grant store consumes a grant exactly once even if extra remainingUses data is present","status":"passed","title":"consumes a grant exactly once even if extra remainingUses data is present","duration":1,"failureMessages":[]}],"startTime":1777462093398,"endTime":1777462093402,"status":"passed","message":"","name":"C:/Users/24716/.openclaw/extensions/openclaw-lynx-guardian/test/feishu-local-approval-grant-store.test.ts"},{"assertionResults":[{"ancestorTitles":["","feishu run continuation store"],"fullName":" feishu run continuation store matches same run same module same requester same-or-lower risk","status":"passed","title":"matches same run same module same requester same-or-lower risk","duration":1,"failureMessages":[]},{"ancestorTitles":["","feishu run continuation store"],"fullName":" feishu run continuation store does not match higher risk, different module, different run, or non-feishu","status":"passed","title":"does not match higher risk, different module, different run, or non-feishu","duration":1,"failureMessages":[]},{"ancestorTitles":["","feishu run continuation store"],"fullName":" feishu run continuation store prunes expired windows","status":"passed","title":"prunes expired windows","duration":1,"failureMessages":[]},{"ancestorTitles":["","feishu run continuation store"],"fullName":" feishu run continuation store returns defensive copies from match","status":"passed","title":"returns defensive copies from match","duration":0,"failureMessages":[]}],"startTime":1777462095005,"endTime":1777462095008,"status":"passed","message":"","name":"C:/Users/24716/.openclaw/extensions/openclaw-lynx-guardian/test/feishu-run-continuation-store.test.ts"},{"assertionResults":[{"ancestorTitles":["","global input allowlist"],"fullName":" global input allowlist exposes manual input allowlist rules from a dedicated module","status":"passed","title":"exposes manual input allowlist rules from a dedicated module","duration":2,"failureMessages":[]},{"ancestorTitles":["","global input allowlist"],"fullName":" global input allowlist matches the official Lynx Guardian update request","status":"passed","title":"matches the official Lynx Guardian update request","duration":2,"failureMessages":[]},{"ancestorTitles":["","global input allowlist"],"fullName":" global input allowlist does not match the official repo URL without update or install intent","status":"passed","title":"does not match the official repo URL without update or install intent","duration":1,"failureMessages":[]},{"ancestorTitles":["","global input allowlist"],"fullName":" global input allowlist does not match non-official repository URLs","status":"passed","title":"does not match non-official repository URLs","duration":0,"failureMessages":[]}],"startTime":1777462101442,"endTime":1777462101447,"status":"passed","message":"","name":"C:/Users/24716/.openclaw/extensions/openclaw-lynx-guardian/test/global-allowlist.test.ts"},{"assertionResults":[{"ancestorTitles":["","Go decision ownership"],"fullName":" Go decision ownership keeps rich Chinese evasive intent detector out of active plugin runtime","status":"passed","title":"keeps rich Chinese evasive intent detector out of active plugin runtime","duration":7,"failureMessages":[]},{"ancestorTitles":["","Go decision ownership"],"fullName":" Go decision ownership does not keep a root src/api.ts shim","status":"passed","title":"does not keep a root src/api.ts shim","duration":0,"failureMessages":[]},{"ancestorTitles":["","Go decision ownership"],"fullName":" Go decision ownership keeps Go control-plane requests centralized","status":"passed","title":"keeps Go control-plane requests centralized","duration":5,"failureMessages":[]},{"ancestorTitles":["","Go decision ownership"],"fullName":" Go decision ownership keeps legacy remote safety service requests centralized","status":"passed","title":"keeps legacy remote safety service requests centralized","duration":5,"failureMessages":[]}],"startTime":1777462099269,"endTime":1777462099286,"status":"passed","message":"","name":"C:/Users/24716/.openclaw/extensions/openclaw-lynx-guardian/test/go-decision-ownership.test.ts"},{"assertionResults":[{"ancestorTitles":["","hook capabilities"],"fullName":" hook capabilities does not depend on the Node module builtin package","status":"passed","title":"does not depend on the Node module builtin package","duration":1,"failureMessages":[]},{"ancestorTitles":["","hook capabilities"],"fullName":" hook capabilities compares runtime versions against the tested minimum","status":"passed","title":"compares runtime versions against the tested minimum","duration":1,"failureMessages":[]},{"ancestorTitles":["","hook capabilities"],"fullName":" hook capabilities prefers explicit OPENCLAW_VERSION from the environment","status":"passed","title":"prefers explicit OPENCLAW_VERSION from the environment","duration":2,"failureMessages":[]},{"ancestorTitles":["","hook capabilities"],"fullName":" hook capabilities uses OPENCLAW_SERVICE_VERSION when the runtime injects a service version","status":"passed","title":"uses OPENCLAW_SERVICE_VERSION when the runtime injects a service version","duration":1,"failureMessages":[]},{"ancestorTitles":["","hook capabilities"],"fullName":" hook capabilities falls back to the runtime package root when plugin-local self resolution is unavailable","status":"passed","title":"falls back to the runtime package root when plugin-local self resolution is unavailable","duration":6,"failureMessages":[]},{"ancestorTitles":["","hook capabilities"],"fullName":" hook capabilities can derive the runtime version from the process entrypoint when cwd is only the OpenClaw home","status":"passed","title":"can derive the runtime version from the process entrypoint when cwd is only the OpenClaw home","duration":4,"failureMessages":[]},{"ancestorTitles":["","hook capabilities"],"fullName":" hook capabilities reports unknown support when runtime version is unavailable","status":"passed","title":"reports unknown support when runtime version is unavailable","duration":1,"failureMessages":[]}],"startTime":1777462093161,"endTime":1777462093177,"status":"passed","message":"","name":"C:/Users/24716/.openclaw/extensions/openclaw-lynx-guardian/test/hook-capabilities.test.ts"},{"assertionResults":[{"ancestorTitles":["","hook helper modules"],"fullName":" hook helper modules decorates the first and last assistant text blocks","status":"passed","title":"decorates the first and last assistant text blocks","duration":1,"failureMessages":[]},{"ancestorTitles":["","hook helper modules"],"fullName":" hook helper modules appends a discovery report to the last assistant text block","status":"passed","title":"appends a discovery report to the last assistant text block","duration":1,"failureMessages":[]},{"ancestorTitles":["","hook helper modules"],"fullName":" hook helper modules replaces an existing discovery report instead of stacking a second one","status":"passed","title":"replaces an existing discovery report instead of stacking a second one","duration":0,"failureMessages":[]},{"ancestorTitles":["","hook helper modules"],"fullName":" hook helper modules keeps manual discovery requests disabled after the trigger boundary cleanup","status":"passed","title":"keeps manual discovery requests disabled after the trigger boundary cleanup","duration":0,"failureMessages":[]},{"ancestorTitles":["","hook helper modules"],"fullName":" hook helper modules builds guard context from event and trusted config","status":"passed","title":"builds guard context from event and trusted config","duration":1,"failureMessages":[]},{"ancestorTitles":["","hook helper modules"],"fullName":" hook helper modules redacts string and block outputs in place","status":"passed","title":"redacts string and block outputs in place","duration":0,"failureMessages":[]},{"ancestorTitles":["","hook helper modules"],"fullName":" hook helper modules uses OPENCLAW_STATE_DIR for runtime environment session roots","status":"passed","title":"uses OPENCLAW_STATE_DIR for runtime environment session roots","duration":0,"failureMessages":[]}],"startTime":1777462095731,"endTime":1777462095734,"status":"passed","message":"","name":"C:/Users/24716/.openclaw/extensions/openclaw-lynx-guardian/test/hook-helpers.test.ts"},{"assertionResults":[{"ancestorTitles":["","createLocalConsoleIngestClient"],"fullName":" createLocalConsoleIngestClient sends queued items to kind-specific ingest endpoints","status":"passed","title":"sends queued items to kind-specific ingest endpoints","duration":4,"failureMessages":[]}],"startTime":1777462098156,"endTime":1777462098160,"status":"passed","message":"","name":"C:/Users/24716/.openclaw/extensions/openclaw-lynx-guardian/test/local-console-client.test.ts"},{"assertionResults":[{"ancestorTitles":["","createLocalConsoleEventBuilder"],"fullName":" createLocalConsoleEventBuilder stores redacted prompt and assistant excerpts in audit events","status":"passed","title":"stores redacted prompt and assistant excerpts in audit events","duration":3,"failureMessages":[]},{"ancestorTitles":["","createLocalConsoleEventBuilder"],"fullName":" createLocalConsoleEventBuilder can attach a completed lynx-check snapshot to agent_end","status":"passed","title":"can attach a completed lynx-check snapshot to agent_end","duration":1,"failureMessages":[]},{"ancestorTitles":["","createLocalConsoleEventBuilder"],"fullName":" createLocalConsoleEventBuilder stores long excerpts up to 1024 characters without display ellipses","status":"passed","title":"stores long excerpts up to 1024 characters without display ellipses","duration":1,"failureMessages":[]}],"startTime":1777462094569,"endTime":1777462094574,"status":"passed","message":"","name":"C:/Users/24716/.openclaw/extensions/openclaw-lynx-guardian/test/local-console-event-builder.test.ts"},{"assertionResults":[{"ancestorTitles":["","local console heartbeat filtering"],"fullName":" local console heartbeat filtering drops routine heartbeat audit and tool batches before ingest","status":"passed","title":"drops routine heartbeat audit and tool batches before ingest","duration":4,"failureMessages":[]},{"ancestorTitles":["","local console heartbeat filtering"],"fullName":" local console heartbeat filtering keeps heartbeat-shaped events when they carry security or delivery signal","status":"passed","title":"keeps heartbeat-shaped events when they carry security or delivery signal","duration":1,"failureMessages":[]},{"ancestorTitles":["","local console heartbeat filtering"],"fullName":" local console heartbeat filtering skips routine heartbeat lifecycle probes but keeps scheduled delivery probes","status":"passed","title":"skips routine heartbeat lifecycle probes but keeps scheduled delivery probes","duration":0,"failureMessages":[]}],"startTime":1777462094090,"endTime":1777462094095,"status":"passed","message":"","name":"C:/Users/24716/.openclaw/extensions/openclaw-lynx-guardian/test/local-console-heartbeat-filter.test.ts"},{"assertionResults":[{"ancestorTitles":["","createLocalConsoleTokenHook"],"fullName":" createLocalConsoleTokenHook marks provider usage as actual","status":"passed","title":"marks provider usage as actual","duration":2,"failureMessages":[]},{"ancestorTitles":["","createLocalConsoleTokenHook"],"fullName":" createLocalConsoleTokenHook marks estimator usage as estimated","status":"passed","title":"marks estimator usage as estimated","duration":0,"failureMessages":[]},{"ancestorTitles":["","createLocalConsoleTokenHook"],"fullName":" createLocalConsoleTokenHook emits unavailable token usage without inventing counts","status":"passed","title":"emits unavailable token usage without inventing counts","duration":1,"failureMessages":[]},{"ancestorTitles":["","createLocalConsoleTokenHook"],"fullName":" createLocalConsoleTokenHook stores unavailable-usage audit excerpts up to 1024 characters without display ellipses","status":"passed","title":"stores unavailable-usage audit excerpts up to 1024 characters without display ellipses","duration":1,"failureMessages":[]}],"startTime":1777462096505,"endTime":1777462096509,"status":"passed","message":"","name":"C:/Users/24716/.openclaw/extensions/openclaw-lynx-guardian/test/local-console-token-hook.test.ts"},{"assertionResults":[{"ancestorTitles":["","local console webview note"],"fullName":" local console webview note builds the local gateway webview URL","status":"passed","title":"builds the local gateway webview URL","duration":1,"failureMessages":[]},{"ancestorTitles":["","local console webview note"],"fullName":" local console webview note appends a separated footnote-style local log note","status":"passed","title":"appends a separated footnote-style local log note","duration":0,"failureMessages":[]},{"ancestorTitles":["","local console webview note"],"fullName":" local console webview note does not duplicate an existing footnote","status":"passed","title":"does not duplicate an existing footnote","duration":0,"failureMessages":[]},{"ancestorTitles":["","local console webview note"],"fullName":" local console webview note recognizes Lynx Guardian L4 denial replies that need the footnote","status":"passed","title":"recognizes Lynx Guardian L4 denial replies that need the footnote","duration":1,"failureMessages":[]},{"ancestorTitles":["","local console webview note"],"fullName":" local console webview note appends the footnote to Lynx Guardian L4 denial replies","status":"passed","title":"appends the footnote to Lynx Guardian L4 denial replies","duration":0,"failureMessages":[]}],"startTime":1777462100121,"endTime":1777462100123,"status":"passed","message":"","name":"C:/Users/24716/.openclaw/extensions/openclaw-lynx-guardian/test/local-console-webview-note.test.ts"},{"assertionResults":[{"ancestorTitles":["","evaluateLocalL4FastPath"],"fullName":" evaluateLocalL4FastPath denies plugin disable requests without waiting for Go","status":"passed","title":"denies plugin disable requests without waiting for Go","duration":2,"failureMessages":[]},{"ancestorTitles":["","evaluateLocalL4FastPath"],"fullName":" evaluateLocalL4FastPath denies private key path reads before Go","status":"passed","title":"denies private key path reads before Go","duration":2,"failureMessages":[]},{"ancestorTitles":["","evaluateLocalL4FastPath"],"fullName":" evaluateLocalL4FastPath denies plugin self tamper through rename or move commands","status":"passed","title":"denies plugin self tamper through rename or move commands","duration":0,"failureMessages":[]},{"ancestorTitles":["","evaluateLocalL4FastPath"],"fullName":" evaluateLocalL4FastPath denies OpenClaw config mutations that disable protection","status":"passed","title":"denies OpenClaw config mutations that disable protection","duration":0,"failureMessages":[]},{"ancestorTitles":["","evaluateLocalL4FastPath"],"fullName":" evaluateLocalL4FastPath denies raw protected prompt read requests","status":"passed","title":"denies raw protected prompt read requests","duration":0,"failureMessages":[]},{"ancestorTitles":["","evaluateLocalL4FastPath"],"fullName":" evaluateLocalL4FastPath denies sensitive source external sends before Go","status":"passed","title":"denies sensitive source external sends before Go","duration":0,"failureMessages":[]},{"ancestorTitles":["","evaluateLocalL4FastPath"],"fullName":" evaluateLocalL4FastPath denies concealed encoded execution before Go","status":"passed","title":"denies concealed encoded execution before Go","duration":0,"failureMessages":[]},{"ancestorTitles":["","evaluateLocalL4FastPath"],"fullName":" evaluateLocalL4FastPath allows ordinary business requests to continue to Go","status":"passed","title":"allows ordinary business requests to continue to Go","duration":3,"failureMessages":[]},{"ancestorTitles":["","evaluateLocalL4FastPath"],"fullName":" evaluateLocalL4FastPath allows benign build and test commands to continue to Go","status":"passed","title":"allows benign build and test commands to continue to Go","duration":1,"failureMessages":[]}],"startTime":1777462095232,"endTime":1777462095241,"status":"passed","message":"","name":"C:/Users/24716/.openclaw/extensions/openclaw-lynx-guardian/test/local-l4-fast-path.test.ts"},{"assertionResults":[{"ancestorTitles":["","local tool approval store"],"fullName":" local tool approval store reuses an open approval token for repeated same-source same-module requests","status":"passed","title":"reuses an open approval token for repeated same-source same-module requests","duration":1,"failureMessages":[]},{"ancestorTitles":["","local tool approval store"],"fullName":" local tool approval store creates a new approval when the feishu request fingerprint differs","status":"passed","title":"creates a new approval when the feishu request fingerprint differs","duration":1,"failureMessages":[]},{"ancestorTitles":["","local tool approval store"],"fullName":" local tool approval store fails closed for feishu approvals when request fingerprint is missing","status":"passed","title":"fails closed for feishu approvals when request fingerprint is missing","duration":0,"failureMessages":[]}],"startTime":1777462096942,"endTime":1777462096944,"status":"passed","message":"","name":"C:/Users/24716/.openclaw/extensions/openclaw-lynx-guardian/test/local-tool-approval-store.test.ts"},{"assertionResults":[{"ancestorTitles":["","lynx-check prompt"],"fullName":" lynx-check prompt tells manual /lynx-check replies to preserve the local log webview footnote","status":"passed","title":"tells manual /lynx-check replies to preserve the local log webview footnote","duration":1,"failureMessages":[]},{"ancestorTitles":["","lynx-check prompt"],"fullName":" lynx-check prompt tells scheduled /lynx-check replies to preserve the local log webview footnote","status":"passed","title":"tells scheduled /lynx-check replies to preserve the local log webview footnote","duration":0,"failureMessages":[]}],"startTime":1777462101032,"endTime":1777462101033,"status":"passed","message":"","name":"C:/Users/24716/.openclaw/extensions/openclaw-lynx-guardian/test/lynx-check-prompt.test.ts"},{"assertionResults":[{"ancestorTitles":["","lynx check run store"],"fullName":" lynx check run store creates a manual lynx-check run intent with current-session routing","status":"passed","title":"creates a manual lynx-check run intent with current-session routing","duration":6,"failureMessages":[]},{"ancestorTitles":["","lynx check run store"],"fullName":" lynx check run store writes a failed result that preserves the report path for plugin fallback","status":"passed","title":"writes a failed result that preserves the report path for plugin fallback","duration":3,"failureMessages":[]}],"startTime":1777462099078,"endTime":1777462099087,"status":"passed","message":"","name":"C:/Users/24716/.openclaw/extensions/openclaw-lynx-guardian/test/lynx-check-run-store.test.ts"},{"assertionResults":[{"ancestorTitles":["","lynx check task bridge"],"fullName":" lynx check task bridge starts a Go task when the local compatibility intent is created","status":"passed","title":"starts a Go task when the local compatibility intent is created","duration":9,"failureMessages":[]},{"ancestorTitles":["","lynx check task bridge"],"fullName":" lynx check task bridge sends status and delivery result events to the Go task plane","status":"passed","title":"sends status and delivery result events to the Go task plane","duration":29,"failureMessages":[]}],"startTime":1777462096200,"endTime":1777462096238,"status":"passed","message":"","name":"C:/Users/24716/.openclaw/extensions/openclaw-lynx-guardian/test/lynx-check-task-bridge.test.ts"},{"assertionResults":[{"ancestorTitles":["","classifyLynxCheckTrigger"],"fullName":" classifyLynxCheckTrigger identifies /check as native_passthrough","status":"passed","title":"identifies /check as native_passthrough","duration":2,"failureMessages":[]},{"ancestorTitles":["","classifyLynxCheckTrigger"],"fullName":" classifyLynxCheckTrigger identifies /lynx-check as a lynx_command","status":"passed","title":"identifies /lynx-check as a lynx_command","duration":0,"failureMessages":[]},{"ancestorTitles":["","classifyLynxCheckTrigger"],"fullName":" classifyLynxCheckTrigger returns none for the polite natural-language request","status":"passed","title":"returns none for the polite natural-language request","duration":0,"failureMessages":[]},{"ancestorTitles":["","classifyLynxCheckTrigger"],"fullName":" classifyLynxCheckTrigger returns none for another natural-language reference","status":"passed","title":"returns none for another natural-language reference","duration":0,"failureMessages":[]}],"startTime":1777462102056,"endTime":1777462102058,"status":"passed","message":"","name":"C:/Users/24716/.openclaw/extensions/openclaw-lynx-guardian/test/lynx-check-trigger.test.ts"},{"assertionResults":[{"ancestorTitles":["","lynx feishu direct delivery"],"fullName":" lynx feishu direct delivery delivers DM approval prompts via Feishu open_id targets","status":"passed","title":"delivers DM approval prompts via Feishu open_id targets","duration":5,"failureMessages":[]},{"ancestorTitles":["","lynx feishu direct delivery"],"fullName":" lynx feishu direct delivery fails closed when host feishu config is unavailable","status":"passed","title":"fails closed when host feishu config is unavailable","duration":1,"failureMessages":[]},{"ancestorTitles":["","lynx feishu direct delivery"],"fullName":" lynx feishu direct delivery fails closed for malformed dm/user targets instead of falling back to chat_id","status":"passed","title":"fails closed for malformed dm/user targets instead of falling back to chat_id","duration":1,"failureMessages":[]},{"ancestorTitles":["","lynx feishu direct delivery"],"fullName":" lynx feishu direct delivery reuses token only for matching config identity and re-authenticates when config changes","status":"passed","title":"reuses token only for matching config identity and re-authenticates when config changes","duration":4,"failureMessages":[]}],"startTime":1777462092455,"endTime":1777462092466,"status":"passed","message":"","name":"C:/Users/24716/.openclaw/extensions/openclaw-lynx-guardian/test/lynx-feishu-direct-delivery.test.ts"},{"assertionResults":[{"ancestorTitles":["","Lynx server backend packaging and launch"],"fullName":" Lynx server backend packaging and launch uses platform-specific lynx-server executable names","status":"passed","title":"uses platform-specific lynx-server executable names","duration":1,"failureMessages":[]},{"ancestorTitles":["","Lynx server backend packaging and launch"],"fullName":" Lynx server backend packaging and launch resolves the packaged Go backend","status":"passed","title":"resolves the packaged Go backend","duration":1,"failureMessages":[]},{"ancestorTitles":["","Lynx server backend packaging and launch"],"fullName":" Lynx server backend packaging and launch does not fall back to the old Fastify backend entry","status":"passed","title":"does not fall back to the old Fastify backend entry","duration":2,"failureMessages":[]},{"ancestorTitles":["","Lynx server backend packaging and launch"],"fullName":" Lynx server backend packaging and launch treats a packaged Go backend as self-contained runtime dependencies","status":"passed","title":"treats a packaged Go backend as self-contained runtime dependencies","duration":0,"failureMessages":[]},{"ancestorTitles":["","Lynx server backend packaging and launch"],"fullName":" Lynx server backend packaging and launch skips container npm install when the Go backend package is present","status":"passed","title":"skips container npm install when the Go backend package is present","duration":1,"failureMessages":[]}],"startTime":1777462097926,"endTime":1777462097931,"status":"passed","message":"","name":"C:/Users/24716/.openclaw/extensions/openclaw-lynx-guardian/test/lynx-server-backend.test.ts"},{"assertionResults":[{"ancestorTitles":["","managed lynx-check authorization"],"fullName":" managed lynx-check authorization persists a plugin-granted authorization record","status":"passed","title":"persists a plugin-granted authorization record","duration":2,"failureMessages":[]}],"startTime":1777462101845,"endTime":1777462101847,"status":"passed","message":"","name":"C:/Users/24716/.openclaw/extensions/openclaw-lynx-guardian/test/managed-lynx-check-authorization.test.ts"},{"assertionResults":[{"ancestorTitles":["","buildManualLynxCheckReport"],"fullName":" buildManualLynxCheckReport renders the mandatory Chinese audit sections for manual /lynx-check","status":"passed","title":"renders the mandatory Chinese audit sections for manual /lynx-check","duration":3,"failureMessages":[]},{"ancestorTitles":["","buildManualLynxCheckReport"],"fullName":" buildManualLynxCheckReport never tells the user to inspect report files or local paths","status":"passed","title":"never tells the user to inspect report files or local paths","duration":1,"failureMessages":[]},{"ancestorTitles":["","buildManualLynxCheckReport"],"fullName":" buildManualLynxCheckReport appends a separated local log webview footnote to the /lynx-check report","status":"passed","title":"appends a separated local log webview footnote to the /lynx-check report","duration":0,"failureMessages":[]},{"ancestorTitles":["","buildManualLynxCheckReport"],"fullName":" buildManualLynxCheckReport allows managed /lynx-check report delivery inside the audit runtime boundary","status":"passed","title":"allows managed /lynx-check report delivery inside the audit runtime boundary","duration":1,"failureMessages":[]}],"startTime":1777462094366,"endTime":1777462094371,"status":"passed","message":"","name":"C:/Users/24716/.openclaw/extensions/openclaw-lynx-guardian/test/manual-lynx-check.test.ts"},{"assertionResults":[{"ancestorTitles":["","guardInboundMessageBeforeWrite"],"fullName":" guardInboundMessageBeforeWrite replaces protected prompt extraction user messages before persistence","status":"passed","title":"replaces protected prompt extraction user messages before persistence","duration":8,"failureMessages":[]},{"ancestorTitles":["","guardInboundMessageBeforeWrite"],"fullName":" guardInboundMessageBeforeWrite treats mojibake-damaged system prompt requests as protected extraction","status":"passed","title":"treats mojibake-damaged system prompt requests as protected extraction","duration":3,"failureMessages":[]},{"ancestorTitles":["","guardInboundMessageBeforeWrite"],"fullName":" guardInboundMessageBeforeWrite does not alter assistant messages","status":"passed","title":"does not alter assistant messages","duration":1,"failureMessages":[]}],"startTime":1777462100822,"endTime":1777462100834,"status":"passed","message":"","name":"C:/Users/24716/.openclaw/extensions/openclaw-lynx-guardian/test/message-write-input-guard.test.ts"},{"assertionResults":[{"ancestorTitles":["","sink-aware output guard"],"fullName":" sink-aware output guard defines the expected output sinks","status":"passed","title":"defines the expected output sinks","duration":2,"failureMessages":[]},{"ancestorTitles":["","sink-aware output guard"],"fullName":" sink-aware output guard keeps normal Chinese business output unchanged","status":"passed","title":"keeps normal Chinese business output unchanged","duration":1,"failureMessages":[]},{"ancestorTitles":["","sink-aware output guard"],"fullName":" sink-aware output guard keeps metadata-only protected config summaries unchanged","status":"passed","title":"keeps metadata-only protected config summaries unchanged","duration":1,"failureMessages":[]},{"ancestorTitles":["","sink-aware output guard"],"fullName":" sink-aware output guard fully replaces PEM private keys in persisted tool results","status":"passed","title":"fully replaces PEM private keys in persisted tool results","duration":1,"failureMessages":[]},{"ancestorTitles":["","sink-aware output guard"],"fullName":" sink-aware output guard redacts resident IDs without replacing the whole assistant message","status":"passed","title":"redacts resident IDs without replacing the whole assistant message","duration":1,"failureMessages":[]},{"ancestorTitles":["","sink-aware output guard"],"fullName":" sink-aware output guard blocks raw system prompt content","status":"passed","title":"blocks raw system prompt content","duration":0,"failureMessages":[]},{"ancestorTitles":["","sink-aware output guard"],"fullName":" sink-aware output guard does not replace trusted /lynx-check reports for ordinary security wording","status":"passed","title":"does not replace trusted /lynx-check reports for ordinary security wording","duration":1,"failureMessages":[]},{"ancestorTitles":["","sink-aware output guard"],"fullName":" sink-aware output guard still scans trusted /lynx-check reports for secrets","status":"passed","title":"still scans trusted /lynx-check reports for secrets","duration":0,"failureMessages":[]}],"startTime":1777462095470,"endTime":1777462095477,"status":"passed","message":"","name":"C:/Users/24716/.openclaw/extensions/openclaw-lynx-guardian/test/output-guard-redesign.test.ts"},{"assertionResults":[{"ancestorTitles":["","override-runtime helpers"],"fullName":" override-runtime helpers deduplicates override keys from session and channel","status":"passed","title":"deduplicates override keys from session and channel","duration":1,"failureMessages":[]},{"ancestorTitles":["","override-runtime helpers"],"fullName":" override-runtime helpers prefers channelId as primary override key","status":"passed","title":"prefers channelId as primary override key","duration":0,"failureMessages":[]},{"ancestorTitles":["","override-runtime helpers"],"fullName":" override-runtime helpers builds stable fingerprints for the same payload","status":"passed","title":"builds stable fingerprints for the same payload","duration":1,"failureMessages":[]}],"startTime":1777462101631,"endTime":1777462101633,"status":"passed","message":"","name":"C:/Users/24716/.openclaw/extensions/openclaw-lynx-guardian/test/override-runtime.test.ts"},{"assertionResults":[{"ancestorTitles":["","pending discovery store"],"fullName":" pending discovery store writes and reads a pending discovery request","status":"passed","title":"writes and reads a pending discovery request","duration":14,"failureMessages":[]},{"ancestorTitles":["","pending discovery store"],"fullName":" pending discovery store does not attach lynx-check reports through legacy pending discovery","status":"passed","title":"does not attach lynx-check reports through legacy pending discovery","duration":3,"failureMessages":[]},{"ancestorTitles":["","pending discovery store"],"fullName":" pending discovery store clears a pending discovery request","status":"passed","title":"clears a pending discovery request","duration":1,"failureMessages":[]}],"startTime":1777462099505,"endTime":1777462099523,"status":"passed","message":"","name":"C:/Users/24716/.openclaw/extensions/openclaw-lynx-guardian/test/pending-discovery-store.test.ts"},{"assertionResults":[{"ancestorTitles":["","Pending Override Store"],"fullName":" Pending Override Store stores one pending override per session","status":"passed","title":"stores one pending override per session","duration":2,"failureMessages":[]},{"ancestorTitles":["","Pending Override Store"],"fullName":" Pending Override Store consumes overrides exactly once","status":"passed","title":"consumes overrides exactly once","duration":0,"failureMessages":[]},{"ancestorTitles":["","Pending Override Store"],"fullName":" Pending Override Store drops expired entries","status":"passed","title":"drops expired entries","duration":0,"failureMessages":[]},{"ancestorTitles":["","Pending Override Store"],"fullName":" Pending Override Store returns pending override without consuming","status":"passed","title":"returns pending override without consuming","duration":1,"failureMessages":[]},{"ancestorTitles":["","Pending Override Store"],"fullName":" Pending Override Store clears pending override","status":"passed","title":"clears pending override","duration":0,"failureMessages":[]},{"ancestorTitles":["","Pending Override Store"],"fullName":" Pending Override Store prunes expired entries on later access","status":"passed","title":"prunes expired entries on later access","duration":1,"failureMessages":[]},{"ancestorTitles":["","Lynx Check Run Artifact Bridge"],"fullName":" Lynx Check Run Artifact Bridge persists a manual lynx-check intent as a compatibility artifact","status":"passed","title":"persists a manual lynx-check intent as a compatibility artifact","duration":4,"failureMessages":[]},{"ancestorTitles":["","Lynx Check Run Artifact Bridge"],"fullName":" Lynx Check Run Artifact Bridge rejects invalid intent enum values instead of coercing legacy delivery defaults","status":"passed","title":"rejects invalid intent enum values instead of coercing legacy delivery defaults","duration":2,"failureMessages":[]},{"ancestorTitles":["","Lynx Check Run Artifact Bridge"],"fullName":" Lynx Check Run Artifact Bridge rejects the removed keyword_request trigger","status":"passed","title":"rejects the removed keyword_request trigger","duration":0,"failureMessages":[]},{"ancestorTitles":["","Lynx Check Run Artifact Bridge"],"fullName":" Lynx Check Run Artifact Bridge persists completion results while keeping report files as plugin artifacts","status":"passed","title":"persists completion results while keeping report files as plugin artifacts","duration":31,"failureMessages":[]},{"ancestorTitles":["","Lynx Check Run Artifact Bridge"],"fullName":" Lynx Check Run Artifact Bridge normalizes unsupported result status into an explicit failed artifact","status":"passed","title":"normalizes unsupported result status into an explicit failed artifact","duration":3,"failureMessages":[]},{"ancestorTitles":["","Recent Active Delivery Route Hints"],"fullName":" Recent Active Delivery Route Hints persists durable route hints including bindingId while keeping live sender in memory","status":"passed","title":"persists durable route hints including bindingId while keeping live sender in memory","duration":5,"failureMessages":[]}],"startTime":1777462091595,"endTime":1777462091644,"status":"passed","message":"","name":"C:/Users/24716/.openclaw/extensions/openclaw-lynx-guardian/test/pending-override-store.test.ts"},{"assertionResults":[{"ancestorTitles":["","plugin approval compatibility"],"fullName":" plugin approval compatibility exposes the plugin approval compatibility boundary constant","status":"passed","title":"exposes the plugin approval compatibility boundary constant","duration":1,"failureMessages":[]},{"ancestorTitles":["","plugin approval compatibility"],"fullName":" plugin approval compatibility classifies runtime versions into legacy, modern, and unknown tiers","status":"passed","title":"classifies runtime versions into legacy, modern, and unknown tiers","duration":1,"failureMessages":[]},{"ancestorTitles":["","plugin approval compatibility"],"fullName":" plugin approval compatibility auto-detects runtime version when resolver runtimeVersion is omitted or undefined","status":"passed","title":"auto-detects runtime version when resolver runtimeVersion is omitted or undefined","duration":3,"failureMessages":[]},{"ancestorTitles":["","plugin approval compatibility"],"fullName":" plugin approval compatibility keeps 2026.3.28+ webchat runtimes on native plugin approval","status":"passed","title":"keeps 2026.3.28+ webchat runtimes on native plugin approval","duration":1,"failureMessages":[]},{"ancestorTitles":["","plugin approval compatibility"],"fullName":" plugin approval compatibility defaults unknown webchat runtimes to the modern native approval path","status":"passed","title":"defaults unknown webchat runtimes to the modern native approval path","duration":0,"failureMessages":[]},{"ancestorTitles":["","plugin approval compatibility"],"fullName":" plugin approval compatibility uses dedicated feishu branch with route presence deciding allow vs deny","status":"passed","title":"uses dedicated feishu branch with route presence deciding allow vs deny","duration":0,"failureMessages":[]},{"ancestorTitles":["","plugin approval compatibility"],"fullName":" plugin approval compatibility routes legacy webchat runtimes to feishu local approval when a feishu route exists","status":"passed","title":"routes legacy webchat runtimes to feishu local approval when a feishu route exists","duration":0,"failureMessages":[]},{"ancestorTitles":["","plugin approval compatibility"],"fullName":" plugin approval compatibility keeps half-wired legacy non-feishu runtimes on deny path","status":"passed","title":"keeps half-wired legacy non-feishu runtimes on deny path","duration":0,"failureMessages":[]},{"ancestorTitles":["","plugin approval compatibility"],"fullName":" plugin approval compatibility fails closed for legacy runtimes without a feishu route","status":"passed","title":"fails closed for legacy runtimes without a feishu route","duration":0,"failureMessages":[]}],"startTime":1777462093627,"endTime":1777462093633,"status":"passed","message":"","name":"C:/Users/24716/.openclaw/extensions/openclaw-lynx-guardian/test/plugin-approval-compat.test.ts"},{"assertionResults":[{"ancestorTitles":["","plugin entry helpers"],"fullName":" plugin entry helpers finds a /lynx-check command inside a bracket-prefixed envelope","status":"passed","title":"finds a /lynx-check command inside a bracket-prefixed envelope","duration":1,"failureMessages":[]},{"ancestorTitles":["","plugin entry helpers"],"fullName":" plugin entry helpers parses a local tool approval command with token and resolution","status":"passed","title":"parses a local tool approval command with token and resolution","duration":1,"failureMessages":[]},{"ancestorTitles":["","plugin entry helpers"],"fullName":" plugin entry helpers appends a separated local log webview note to forced L4 deny context","status":"passed","title":"appends a separated local log webview note to forced L4 deny context","duration":1,"failureMessages":[]},{"ancestorTitles":["","plugin entry helpers"],"fullName":" plugin entry helpers routes legacy webchat approvals through recovered feishu fallback context","status":"passed","title":"routes legacy webchat approvals through recovered feishu fallback context","duration":2,"failureMessages":[]}],"startTime":1777462097428,"endTime":1777462097433,"status":"passed","message":"","name":"C:/Users/24716/.openclaw/extensions/openclaw-lynx-guardian/test/plugin-entry-helpers.test.ts"},{"assertionResults":[{"ancestorTitles":["","resolvePluginRuntimeConfig"],"fullName":" resolvePluginRuntimeConfig loads defaults from openclaw.plugin.json when runtime config is missing","status":"passed","title":"loads defaults from openclaw.plugin.json when runtime config is missing","duration":3,"failureMessages":[]},{"ancestorTitles":["","resolvePluginRuntimeConfig"],"fullName":" resolvePluginRuntimeConfig deep-merges explicit runtime config over manifest defaults","status":"passed","title":"deep-merges explicit runtime config over manifest defaults","duration":1,"failureMessages":[]}],"startTime":1777462097174,"endTime":1777462097178,"status":"passed","message":"","name":"C:/Users/24716/.openclaw/extensions/openclaw-lynx-guardian/test/plugin-runtime-config.test.ts"},{"assertionResults":[{"ancestorTitles":["","plugin setup helpers"],"fullName":" plugin setup helpers extracts allow and deny decisions from an approve command","status":"passed","title":"extracts allow and deny decisions from an approve command","duration":2,"failureMessages":[]},{"ancestorTitles":["","plugin setup helpers"],"fullName":" plugin setup helpers adds feishu approval guidance only once","status":"passed","title":"adds feishu approval guidance only once","duration":1,"failureMessages":[]},{"ancestorTitles":["","plugin setup helpers"],"fullName":" plugin setup helpers appends a separated local log webview note to native approval prompts","status":"passed","title":"appends a separated local log webview note to native approval prompts","duration":0,"failureMessages":[]},{"ancestorTitles":["","plugin setup helpers"],"fullName":" plugin setup helpers summarizes protected targets from file paths, commands, and fallback params","status":"passed","title":"summarizes protected targets from file paths, commands, and fallback params","duration":1,"failureMessages":[]},{"ancestorTitles":["","plugin setup helpers"],"fullName":" plugin setup helpers resolves managed /lynx-check source and prompt channel from runtime context","status":"passed","title":"resolves managed /lynx-check source and prompt channel from runtime context","duration":0,"failureMessages":[]},{"ancestorTitles":["","plugin setup helpers"],"fullName":" plugin setup helpers merges outbound delivery data from context and outgoing event","status":"passed","title":"merges outbound delivery data from context and outgoing event","duration":0,"failureMessages":[]}],"startTime":1777462095951,"endTime":1777462095955,"status":"passed","message":"","name":"C:/Users/24716/.openclaw/extensions/openclaw-lynx-guardian/test/plugin-setup-helpers.test.ts"},{"assertionResults":[{"ancestorTitles":["","Plugin Setup"],"fullName":" Plugin Setup should register user on startup","status":"passed","title":"should register user on startup","duration":32,"failureMessages":[]},{"ancestorTitles":["","Plugin Setup"],"fullName":" Plugin Setup should not print legacy API url debug log in development","status":"passed","title":"should not print legacy API url debug log in development","duration":8,"failureMessages":[]},{"ancestorTitles":["","Plugin Setup"],"fullName":" Plugin Setup should not print API url debug log in production","status":"passed","title":"should not print API url debug log in production","duration":5,"failureMessages":[]},{"ancestorTitles":["","Plugin Setup"],"fullName":" Plugin Setup should attach all event handlers","status":"passed","title":"should attach all event handlers","duration":6,"failureMessages":[]},{"ancestorTitles":["","Plugin Setup"],"fullName":" Plugin Setup captures Feishu requester identity in before_dispatch","status":"passed","title":"captures Feishu requester identity in before_dispatch","duration":23,"failureMessages":[]},{"ancestorTitles":["","Plugin Setup"],"fullName":" Plugin Setup captures webchat channel approval profile in before_dispatch","status":"passed","title":"captures webchat channel approval profile in before_dispatch","duration":11,"failureMessages":[]},{"ancestorTitles":["","Plugin Setup"],"fullName":" Plugin Setup captures Feishu requester ou_id from senderOpenId fallback in before_dispatch","status":"passed","title":"captures Feishu requester ou_id from senderOpenId fallback in before_dispatch","duration":10,"failureMessages":[]},{"ancestorTitles":["","Plugin Setup"],"fullName":" Plugin Setup binds requester provenance to runId in before_agent_start","status":"passed","title":"binds requester provenance to runId in before_agent_start","duration":25,"failureMessages":[]},{"ancestorTitles":["","Plugin Setup"],"fullName":" Plugin Setup claims group requester provenance in dispatch order instead of latest sender overwrite","status":"passed","title":"claims group requester provenance in dispatch order instead of latest sender overwrite","duration":17,"failureMessages":[]},{"ancestorTitles":["","Plugin Setup"],"fullName":" Plugin Setup directly blocks risky non-tool prompts instead of asking for free-text approval","status":"passed","title":"directly blocks risky non-tool prompts instead of asking for free-text approval","duration":6,"failureMessages":[]},{"ancestorTitles":["","Plugin Setup"],"fullName":" Plugin Setup should expose policy config schema defaults","status":"passed","title":"should expose policy config schema defaults","duration":1,"failureMessages":[]},{"ancestorTitles":["","Plugin Setup"],"fullName":" Plugin Setup should declare the tested openclaw peer dependency floor","status":"passed","title":"should declare the tested openclaw peer dependency floor","duration":1,"failureMessages":[]},{"ancestorTitles":["","Plugin Setup"],"fullName":" Plugin Setup should defer trusted Feishu direct protected reads without resurrecting bundle-selected warnings","status":"passed","title":"should defer trusted Feishu direct protected reads without resurrecting bundle-selected warnings","duration":7,"failureMessages":[]},{"ancestorTitles":["","Plugin Setup"],"fullName":" Plugin Setup legacy dual-track: should inject scoped L1 observation from bundle-only weak-signal agent-start results","status":"skipped","title":"legacy dual-track: should inject scoped L1 observation from bundle-only weak-signal agent-start results","failureMessages":[]},{"ancestorTitles":["","Plugin Setup"],"fullName":" Plugin Setup should inject visible L2 input warning context at agent start","status":"passed","title":"should inject visible L2 input warning context at agent start","duration":7,"failureMessages":[]},{"ancestorTitles":["","Plugin Setup"],"fullName":" Plugin Setup should inject visible L1 input observation context at agent start","status":"passed","title":"should inject visible L1 input observation context at agent start","duration":7,"failureMessages":[]},{"ancestorTitles":["","Plugin Setup"],"fullName":" Plugin Setup should use active input severity in message_received feedback and records without bundle arbitration","status":"passed","title":"should use active input severity in message_received feedback and records without bundle arbitration","duration":44,"failureMessages":[]},{"ancestorTitles":["","Plugin Setup"],"fullName":" Plugin Setup should surface non-blocking L2 input warnings to the user","status":"passed","title":"should surface non-blocking L2 input warnings to the user","duration":7,"failureMessages":[]},{"ancestorTitles":["","Plugin Setup"],"fullName":" Plugin Setup should surface non-blocking L1 input observations to the user","status":"passed","title":"should surface non-blocking L1 input observations to the user","duration":9,"failureMessages":[]},{"ancestorTitles":["","Plugin Setup"],"fullName":" Plugin Setup should defer trusted Feishu direct protected reads when only message_received captured the real runtime metadata shape","status":"passed","title":"should defer trusted Feishu direct protected reads when only message_received captured the real runtime metadata shape","duration":5,"failureMessages":[]},{"ancestorTitles":["","Plugin Setup"],"fullName":" Plugin Setup should recover Feishu DM approval context from recent inbound route when before_agent_start lacks channel metadata","status":"passed","title":"should recover Feishu DM approval context from recent inbound route when before_agent_start lacks channel metadata","duration":12,"failureMessages":[]},{"ancestorTitles":["","Plugin Setup"],"fullName":" Plugin Setup should keep untrusted Feishu direct protected reads blocked before_agent_start","status":"passed","title":"should keep untrusted Feishu direct protected reads blocked before_agent_start","duration":7,"failureMessages":[]},{"ancestorTitles":["","Plugin Setup"],"fullName":" Plugin Setup should keep Feishu prompt-extraction probes blocked before_agent_start","status":"passed","title":"should keep Feishu prompt-extraction probes blocked before_agent_start","duration":5,"failureMessages":[]},{"ancestorTitles":["","Plugin Setup"],"fullName":" Plugin Setup should sync resources on gateway_start","status":"passed","title":"should sync resources on gateway_start","duration":8,"failureMessages":[]},{"ancestorTitles":["","Plugin Setup"],"fullName":" Plugin Setup should reconcile the managed scheduled /lynx-check job on gateway_start","status":"passed","title":"should reconcile the managed scheduled /lynx-check job on gateway_start","duration":8,"failureMessages":[]},{"ancestorTitles":["","Plugin Setup"],"fullName":" Plugin Setup should block high risk tool call","status":"passed","title":"should block high risk tool call","duration":48,"failureMessages":[]},{"ancestorTitles":["","Plugin Setup"],"fullName":" Plugin Setup should allow safe tool call (no blacklist hit)","status":"passed","title":"should allow safe tool call (no blacklist hit)","duration":23,"failureMessages":[]},{"ancestorTitles":["","Plugin Setup"],"fullName":" Plugin Setup should allow creating non-Lynx skills without treating SKILL.md as a protected core file","status":"passed","title":"should allow creating non-Lynx skills without treating SKILL.md as a protected core file","duration":28,"failureMessages":[]},{"ancestorTitles":["","Plugin Setup"],"fullName":" Plugin Setup should keep Lynx-owned skill files protected even when they are addressed through relative skill paths","status":"passed","title":"should keep Lynx-owned skill files protected even when they are addressed through relative skill paths","duration":10,"failureMessages":[]},{"ancestorTitles":["","Plugin Setup"],"fullName":" Plugin Setup should allow trusted plugin-subsystem healthcheck reads during scheduled Lynx runs","status":"passed","title":"should allow trusted plugin-subsystem healthcheck reads during scheduled Lynx runs","duration":11,"failureMessages":[]},{"ancestorTitles":["","Plugin Setup"],"fullName":" Plugin Setup should not whitelist removed orchestrator skill reads during managed /lynx-check runs","status":"passed","title":"should not whitelist removed orchestrator skill reads during managed /lynx-check runs","duration":21,"failureMessages":[]},{"ancestorTitles":["","Plugin Setup"],"fullName":" Plugin Setup should keep removed orchestrator skill reads blocked even without subsystem marker","status":"passed","title":"should keep removed orchestrator skill reads blocked even without subsystem marker","duration":14,"failureMessages":[]},{"ancestorTitles":["","Plugin Setup"],"fullName":" Plugin Setup should keep a narrow managed /lynx-check config read whitelist for runtime inspection only","status":"passed","title":"should keep a narrow managed /lynx-check config read whitelist for runtime inspection only","duration":15,"failureMessages":[]},{"ancestorTitles":["","Plugin Setup"],"fullName":" Plugin Setup should allow managed /lynx-check self-inspection reads for lesson skills and monitoring assets","status":"passed","title":"should allow managed /lynx-check self-inspection reads for lesson skills and monitoring assets","duration":18,"failureMessages":[]},{"ancestorTitles":["","Plugin Setup"],"fullName":" Plugin Setup should allow managed /lynx-check read-only exec inspection inside the plugin tree","status":"passed","title":"should allow managed /lynx-check read-only exec inspection inside the plugin tree","duration":10,"failureMessages":[]},{"ancestorTitles":["","Plugin Setup"],"fullName":" Plugin Setup should not treat tool calls without sessionKey as managed runs even when another session has a pending run","status":"passed","title":"should not treat tool calls without sessionKey as managed runs even when another session has a pending run","duration":14,"failureMessages":[]},{"ancestorTitles":["","Plugin Setup"],"fullName":" Plugin Setup should direct-report flow allow non-Lynx skill reads during managed /lynx-check runs","status":"passed","title":"should direct-report flow allow non-Lynx skill reads during managed /lynx-check runs","duration":14,"failureMessages":[]},{"ancestorTitles":["","Plugin Setup"],"fullName":" Plugin Setup should require native approval for webchat tool guard and only reuse grant after onResolution","status":"passed","title":"should require native approval for webchat tool guard and only reuse grant after onResolution","duration":9,"failureMessages":[]},{"ancestorTitles":["","Plugin Setup"],"fullName":" Plugin Setup should use local Feishu tool approval transport and resume the blocked tool call after /lynx-approve","status":"passed","title":"should use local Feishu tool approval transport and resume the blocked tool call after /lynx-approve","duration":7,"failureMessages":[]},{"ancestorTitles":["","Plugin Setup"],"fullName":" Plugin Setup should proactively deliver the Feishu /lynx-approve prompt through shared delivery when before_tool_call lacks sendMessage","status":"passed","title":"should proactively deliver the Feishu /lynx-approve prompt through shared delivery when before_tool_call lacks sendMessage","duration":6,"failureMessages":[]},{"ancestorTitles":["","Plugin Setup"],"fullName":" Plugin Setup should recover owner approval config from host openclaw.json, normalize bare Feishu ou_id targets, and keep owner context at tool stage","status":"passed","title":"should recover owner approval config from host openclaw.json, normalize bare Feishu ou_id targets, and keep owner context at tool stage","duration":6,"failureMessages":[]},{"ancestorTitles":["","Plugin Setup"],"fullName":" Plugin Setup should preserve the last concrete Feishu DM approval context when before_agent_start only sees a route-only session ctx","status":"passed","title":"should preserve the last concrete Feishu DM approval context when before_agent_start only sees a route-only session ctx","duration":5,"failureMessages":[]},{"ancestorTitles":["","Plugin Setup"],"fullName":" Plugin Setup should reuse a plugin-session Feishu live target for local approval prompts when before_tool_call has no delivery helpers","status":"passed","title":"should reuse a plugin-session Feishu live target for local approval prompts when before_tool_call has no delivery helpers","duration":7,"failureMessages":[]},{"ancestorTitles":["","Plugin Setup"],"fullName":" Plugin Setup should deliver the Feishu local approval prompt through direct Feishu fallback when runtime delivery helpers are unavailable","status":"passed","title":"should deliver the Feishu local approval prompt through direct Feishu fallback when runtime delivery helpers are unavailable","duration":6,"failureMessages":[]},{"ancestorTitles":["","Plugin Setup"],"fullName":" Plugin Setup should ignore local Feishu approval replies from non-approver ou_id and keep waiting for the configured approver","status":"passed","title":"should ignore local Feishu approval replies from non-approver ou_id and keep waiting for the configured approver","duration":5,"failureMessages":[]},{"ancestorTitles":["","Plugin Setup"],"fullName":" Plugin Setup should not open pending override flow for hard-lock tool modules","status":"passed","title":"should not open pending override flow for hard-lock tool modules","duration":5,"failureMessages":[]},{"ancestorTitles":["","Plugin Setup"],"fullName":" Plugin Setup should ignore unmatched /approve replies so native approvals can continue handling them","status":"passed","title":"should ignore unmatched /approve replies so native approvals can continue handling them","duration":5,"failureMessages":[]},{"ancestorTitles":["","Plugin Setup"],"fullName":" Plugin Setup should consume invalid /lynx-approve replies in before_dispatch so they do not fall through to the model","status":"passed","title":"should consume invalid /lynx-approve replies in before_dispatch so they do not fall through to the model","duration":10,"failureMessages":[]},{"ancestorTitles":["","Plugin Setup"],"fullName":" Plugin Setup should leave Feishu native approval messages unchanged","status":"passed","title":"should leave Feishu native approval messages unchanged","duration":9,"failureMessages":[]},{"ancestorTitles":["","Plugin Setup"],"fullName":" Plugin Setup should leave webchat approval messages unchanged","status":"passed","title":"should leave webchat approval messages unchanged","duration":8,"failureMessages":[]},{"ancestorTitles":["","Plugin Setup"],"fullName":" Plugin Setup should map local guard policy decisions back to legacy risk levels before pushRecord","status":"passed","title":"should map local guard policy decisions back to legacy risk levels before pushRecord","duration":5,"failureMessages":[]},{"ancestorTitles":["","Plugin Setup"],"fullName":" Plugin Setup legacy dual-track: should let the stricter tool policy win over a non-blocking legacy guard result","status":"skipped","title":"legacy dual-track: should let the stricter tool policy win over a non-blocking legacy guard result","failureMessages":[]},{"ancestorTitles":["","Plugin Setup"],"fullName":" Plugin Setup should require native approval for blacklist-backed exec risk and reuse same-run grant only within the module","status":"passed","title":"should require native approval for blacklist-backed exec risk and reuse same-run grant only within the module","duration":8,"failureMessages":[]},{"ancestorTitles":["","Plugin Setup"],"fullName":" Plugin Setup should redact leaked protected output on agent_end","status":"passed","title":"should redact leaked protected output on agent_end","duration":7,"failureMessages":[]},{"ancestorTitles":["","Plugin Setup"],"fullName":" Plugin Setup legacy dual-track: should enforce bundle-selected output blocking even when the legacy output guard allows it","status":"skipped","title":"legacy dual-track: should enforce bundle-selected output blocking even when the legacy output guard allows it","failureMessages":[]},{"ancestorTitles":["","Plugin Setup"],"fullName":" Plugin Setup should decorate assistant output on before_message_write","status":"passed","title":"should decorate assistant output on before_message_write","duration":5,"failureMessages":[]},{"ancestorTitles":["","Plugin Setup"],"fullName":" Plugin Setup should decorate the first and last text blocks on before_message_write","status":"passed","title":"should decorate the first and last text blocks on before_message_write","duration":5,"failureMessages":[]},{"ancestorTitles":["","Plugin Setup"],"fullName":" Plugin Setup should not append discovery report on before_message_write without a matching discovery request","status":"passed","title":"should not append discovery report on before_message_write without a matching discovery request","duration":4,"failureMessages":[]},{"ancestorTitles":["","Plugin Setup"],"fullName":" Plugin Setup should keep before_message_write as decoration-only after managed /lynx-check orchestration injecti
[...]
expire soft taint after its ttl","status":"passed","title":"should expire soft taint after its ttl","duration":1,"failureMessages":[]}],"startTime":1777462088633,"endTime":1777462088745,"status":"passed","message":"","name":"C:/Users/24716/.openclaw/extensions/openclaw-lynx-guardian/test/safety-guard.test.ts"},{"assertionResults":[{"ancestorTitles":["","scheduled lynx-check"],"fullName":" scheduled lynx-check resolves enabled defaults when config is missing","status":"passed","title":"resolves enabled defaults when config is missing","duration":2,"failureMessages":[]},{"ancestorTitles":["","scheduled lynx-check"],"fullName":" scheduled lynx-check creates the managed cron job from defaults when config is missing","status":"passed","title":"creates the managed cron job from defaults when config is missing","duration":4,"failureMessages":[]},{"ancestorTitles":["","scheduled lynx-check"],"fullName":" scheduled lynx-check uses HOME and USERPROFILE for the default cron store path","status":"passed","title":"uses HOME and USERPROFILE for the default cron store path","duration":3,"failureMessages":[]},{"ancestorTitles":["","scheduled lynx-check"],"fullName":" scheduled lynx-check builds an isolated announce cron job from config","status":"passed","title":"builds an isolated announce cron job from config","duration":3,"failureMessages":[]},{"ancestorTitles":["","scheduled lynx-check"],"fullName":" scheduled lynx-check registers managed /lynx-check authorization when the scheduled job is created","status":"passed","title":"registers managed /lynx-check authorization when the scheduled job is created","duration":2,"failureMessages":[]},{"ancestorTitles":["","scheduled lynx-check"],"fullName":" scheduled lynx-check creates the managed cron job when enabled","status":"passed","title":"creates the managed cron job when enabled","duration":3,"failureMessages":[]},{"ancestorTitles":["","scheduled lynx-check"],"fullName":" scheduled lynx-check removes only the managed cron job when disabled","status":"passed","title":"removes only the managed cron job when disabled","duration":4,"failureMessages":[]},{"ancestorTitles":["","scheduled lynx-check"],"fullName":" scheduled lynx-check blocks non-whitelisted extra actions from the managed audit runtime","status":"passed","title":"blocks non-whitelisted extra actions from the managed audit runtime","duration":1,"failureMessages":[]}],"startTime":1777462093849,"endTime":1777462093872,"status":"passed","message":"","name":"C:/Users/24716/.openclaw/extensions/openclaw-lynx-guardian/test/scheduled-lynx-check.test.ts"},{"assertionResults":[{"ancestorTitles":["","Skill Hash"],"fullName":" Skill Hash should compute consistent file hash","status":"passed","title":"should compute consistent file hash","duration":7,"failureMessages":[]},{"ancestorTitles":["","Skill Hash"],"fullName":" Skill Hash should compute different hashes for different content","status":"passed","title":"should compute different hashes for different content","duration":12,"failureMessages":[]},{"ancestorTitles":["","Skill Hash"],"fullName":" Skill Hash should compute consistent Skill directory hash","status":"passed","title":"should compute consistent Skill directory hash","duration":13,"failureMessages":[]},{"ancestorTitles":["","Skill Hash"],"fullName":" Skill Hash should detect modified Skill","status":"passed","title":"should detect modified Skill","duration":16,"failureMessages":[]},{"ancestorTitles":["","Skill Hash"],"fullName":" Skill Hash should verify unmodified Skill","status":"passed","title":"should verify unmodified Skill","duration":5,"failureMessages":[]},{"ancestorTitles":["","Skill Install Detection"],"fullName":" Skill Install Detection should detect CLI install","status":"passed","title":"should detect CLI install","duration":2,"failureMessages":[]},{"ancestorTitles":["","Skill Install Detection"],"fullName":" Skill Install Detection should detect git clone to skills dir","status":"passed","title":"should detect git clone to skills dir","duration":1,"failureMessages":[]},{"ancestorTitles":["","Skill Install Detection"],"fullName":" Skill Install Detection should detect cp to skills dir","status":"passed","title":"should detect cp to skills dir","duration":1,"failureMessages":[]},{"ancestorTitles":["","Skill Install Detection"],"fullName":" Skill Install Detection should detect file write to skills dir","status":"passed","title":"should detect file write to skills dir","duration":2,"failureMessages":[]},{"ancestorTitles":["","Skill Install Detection"],"fullName":" Skill Install Detection should NOT detect non-skill operations","status":"passed","title":"should NOT detect non-skill operations","duration":1,"failureMessages":[]},{"ancestorTitles":["","Skill Install Detection"],"fullName":" Skill Install Detection should NOT detect non-skill file edits","status":"passed","title":"should NOT detect non-skill file edits","duration":1,"failureMessages":[]},{"ancestorTitles":["","Malicious Skill Blacklist"],"fullName":" Malicious Skill Blacklist should match known malicious Skill by name","status":"passed","title":"should match known malicious Skill by name","duration":2,"failureMessages":[]},{"ancestorTitles":["","Malicious Skill Blacklist"],"fullName":" Malicious Skill Blacklist should match malicious naming patterns","status":"passed","title":"should match malicious naming patterns","duration":0,"failureMessages":[]},{"ancestorTitles":["","Malicious Skill Blacklist"],"fullName":" Malicious Skill Blacklist should match credential exfiltration patterns","status":"passed","title":"should match credential exfiltration patterns","duration":1,"failureMessages":[]},{"ancestorTitles":["","Malicious Skill Blacklist"],"fullName":" Malicious Skill Blacklist should match reverse shell patterns","status":"passed","title":"should match reverse shell patterns","duration":1,"failureMessages":[]},{"ancestorTitles":["","Malicious Skill Blacklist"],"fullName":" Malicious Skill Blacklist should NOT match safe Skill names","status":"passed","title":"should NOT match safe Skill names","duration":1,"failureMessages":[]},{"ancestorTitles":["","Malicious Skill Blacklist"],"fullName":" Malicious Skill Blacklist should warn on typosquat patterns","status":"passed","title":"should warn on typosquat patterns","duration":1,"failureMessages":[]},{"ancestorTitles":["","Malicious Skill Blacklist"],"fullName":" Malicious Skill Blacklist should NOT flag the real lynx-guardian-lesson","status":"passed","title":"should NOT flag the real lynx-guardian-lesson","duration":1,"failureMessages":[]},{"ancestorTitles":["","Quick Blacklist Check"],"fullName":" Quick Blacklist Check should block known malicious skills","status":"passed","title":"should block known malicious skills","duration":1,"failureMessages":[]},{"ancestorTitles":["","Quick Blacklist Check"],"fullName":" Quick Blacklist Check should allow safe skills","status":"passed","title":"should allow safe skills","duration":1,"failureMessages":[]},{"ancestorTitles":["","Skill Authenticity"],"fullName":" Skill Authenticity should trust new Skills not in registry","status":"passed","title":"should trust new Skills not in registry","duration":1,"failureMessages":[]},{"ancestorTitles":["","Skill Authenticity"],"fullName":" Skill Authenticity should trust Skills with matching hash","status":"passed","title":"should trust Skills with matching hash","duration":1,"failureMessages":[]},{"ancestorTitles":["","Skill Authenticity"],"fullName":" Skill Authenticity should flag Skills with mismatched hash","status":"passed","title":"should flag Skills with mismatched hash","duration":0,"failureMessages":[]},{"ancestorTitles":["","Skill Authenticity"],"fullName":" Skill Authenticity should trust Skills with empty baseline hash","status":"passed","title":"should trust Skills with empty baseline hash","duration":1,"failureMessages":[]},{"ancestorTitles":["","Skill Content Scanning"],"fullName":" Skill Content Scanning should detect prompt injection in SKILL.md","status":"passed","title":"should detect prompt injection in SKILL.md","duration":12,"failureMessages":[]},{"ancestorTitles":["","Skill Content Scanning"],"fullName":" Skill Content Scanning should detect reverse shell in content","status":"passed","title":"should detect reverse shell in content","duration":3,"failureMessages":[]},{"ancestorTitles":["","Skill Content Scanning"],"fullName":" Skill Content Scanning should detect data exfiltration patterns","status":"passed","title":"should detect data exfiltration patterns","duration":16,"failureMessages":[]},{"ancestorTitles":["","Skill Content Scanning"],"fullName":" Skill Content Scanning should detect Chinese prompt injection","status":"passed","title":"should detect Chinese prompt injection","duration":3,"failureMessages":[]},{"ancestorTitles":["","Skill Content Scanning"],"fullName":" Skill Content Scanning should pass clean SKILL.md","status":"passed","title":"should pass clean SKILL.md","duration":3,"failureMessages":[]},{"ancestorTitles":["","Malicious Content Patterns"],"fullName":" Malicious Content Patterns should have patterns for all threat categories","status":"passed","title":"should have patterns for all threat categories","duration":1,"failureMessages":[]}],"startTime":1777462091230,"endTime":1777462091341,"status":"passed","message":"","name":"C:/Users/24716/.openclaw/extensions/openclaw-lynx-guardian/test/skill-guard.test.ts"},{"assertionResults":[{"ancestorTitles":["","src file ownership audit"],"fullName":" src file ownership audit declares an ownership label for every active src file","status":"passed","title":"declares an ownership label for every active src file","duration":4,"failureMessages":[]},{"ancestorTitles":["","src file ownership audit"],"fullName":" src file ownership audit does not keep the root api compatibility shim","status":"passed","title":"does not keep the root api compatibility shim","duration":0,"failureMessages":[]},{"ancestorTitles":["","src file ownership audit"],"fullName":" src file ownership audit does not keep a root config catch-all file","status":"passed","title":"does not keep a root config catch-all file","duration":1,"failureMessages":[]},{"ancestorTitles":["","src file ownership audit"],"fullName":" src file ownership audit keeps Go control-plane requests centralized","status":"passed","title":"keeps Go control-plane requests centralized","duration":6,"failureMessages":[]},{"ancestorTitles":["","src file ownership audit"],"fullName":" src file ownership audit keeps legacy remote safety requests centralized","status":"passed","title":"keeps legacy remote safety requests centralized","duration":5,"failureMessages":[]},{"ancestorTitles":["","src file ownership audit"],"fullName":" src file ownership audit keeps discuss files in TypeScript for this pass","status":"passed","title":"keeps discuss files in TypeScript for this pass","duration":0,"failureMessages":[]},{"ancestorTitles":["","src file ownership audit"],"fullName":" src file ownership audit keeps sync-only output protection independent from safety-guard","status":"passed","title":"keeps sync-only output protection independent from safety-guard","duration":1,"failureMessages":[]},{"ancestorTitles":["","src file ownership audit"],"fullName":" src file ownership audit keeps approval callback stores implemented under src/approval","status":"passed","title":"keeps approval callback stores implemented under src/approval","duration":0,"failureMessages":[]},{"ancestorTitles":["","src file ownership audit"],"fullName":" src file ownership audit keeps runtime policy adapter free of local evidence scoring","status":"passed","title":"keeps runtime policy adapter free of local evidence scoring","duration":1,"failureMessages":[]},{"ancestorTitles":["","src file ownership audit"],"fullName":" src file ownership audit keeps plugin setup helper facade from owning approval, delivery, or lynx-check pure helpers","status":"passed","title":"keeps plugin setup helper facade from owning approval, delivery, or lynx-check pure helpers","duration":0,"failureMessages":[]},{"ancestorTitles":["","src file ownership audit"],"fullName":" src file ownership audit keeps moved lynx-check prompt and report template paths as compatibility shims","status":"passed","title":"keeps moved lynx-check prompt and report template paths as compatibility shims","duration":0,"failureMessages":[]}],"startTime":1777462092679,"endTime":1777462092697,"status":"passed","message":"","name":"C:/Users/24716/.openclaw/extensions/openclaw-lynx-guardian/test/src-file-ownership-audit.test.ts"},{"assertionResults":[{"ancestorTitles":["","Token Optimizer Runner","formatContextRecommendation"],"fullName":" Token Optimizer Runner formatContextRecommendation should format minimal context recommendation","status":"passed","title":"should format minimal context recommendation","duration":1,"failureMessages":[]},{"ancestorTitles":["","Token Optimizer Runner","formatContextRecommendation"],"fullName":" Token Optimizer Runner formatContextRecommendation should handle null savings percent","status":"passed","title":"should handle null savings percent","duration":0,"failureMessages":[]},{"ancestorTitles":["","Token Optimizer Runner","formatModelRouting"],"fullName":" Token Optimizer Runner formatModelRouting should format routing with switch suggestion","status":"passed","title":"should format routing with switch suggestion","duration":0,"failureMessages":[]},{"ancestorTitles":["","Token Optimizer Runner","formatModelRouting"],"fullName":" Token Optimizer Runner formatModelRouting should format routing without switch","status":"passed","title":"should format routing without switch","duration":0,"failureMessages":[]},{"ancestorTitles":["","Token Optimizer Runner","formatBudgetStatus"],"fullName":" Token Optimizer Runner formatBudgetStatus should format ok budget","status":"passed","title":"should format ok budget","duration":1,"failureMessages":[]},{"ancestorTitles":["","Token Optimizer Runner","formatBudgetStatus"],"fullName":" Token Optimizer Runner formatBudgetStatus should format exceeded budget","status":"passed","title":"should format exceeded budget","duration":0,"failureMessages":[]},{"ancestorTitles":["","Token Optimizer Runner","buildOptimizationHints"],"fullName":" Token Optimizer Runner buildOptimizationHints should stay silent for ordinary requests","status":"passed","title":"should stay silent for ordinary requests","duration":0,"failureMessages":[]},{"ancestorTitles":["","Token Optimizer Runner","buildOptimizationHints"],"fullName":" Token Optimizer Runner buildOptimizationHints should warn on cron tasks with a short anti-abuse hint","status":"passed","title":"should warn on cron tasks with a short anti-abuse hint","duration":0,"failureMessages":[]},{"ancestorTitles":["","Token Optimizer Runner","buildOptimizationHints"],"fullName":" Token Optimizer Runner buildOptimizationHints should warn on long context payloads when heavy signals are present","status":"passed","title":"should warn on long context payloads when heavy signals are present","duration":1,"failureMessages":[]},{"ancestorTitles":["","Token Optimizer Runner","buildOptimizationHints"],"fullName":" Token Optimizer Runner buildOptimizationHints should warn when full context alone is recommended","status":"passed","title":"should warn when full context alone is recommended","duration":0,"failureMessages":[]},{"ancestorTitles":["","Token Optimizer Runner","buildOptimizationHints"],"fullName":" Token Optimizer Runner buildOptimizationHints should warn for ordinary requests once prompt length reaches 300 characters","status":"passed","title":"should warn for ordinary requests once prompt length reaches 300 characters","duration":0,"failureMessages":[]},{"ancestorTitles":["","Token Optimizer Runner","buildOptimizationHints"],"fullName":" Token Optimizer Runner buildOptimizationHints should stay silent below the 300-character prompt threshold when no other markers exist","status":"passed","title":"should stay silent below the 300-character prompt threshold when no other markers exist","duration":0,"failureMessages":[]},{"ancestorTitles":["","Token Optimizer Runner","buildOptimizationHints"],"fullName":" Token Optimizer Runner buildOptimizationHints should warn when budget is not ok","status":"passed","title":"should warn when budget is not ok","duration":0,"failureMessages":[]},{"ancestorTitles":["","Token Optimizer Runner","buildOptimizationHints"],"fullName":" Token Optimizer Runner buildOptimizationHints should warn when large amounts may indicate compute abuse","status":"passed","title":"should warn when large amounts may indicate compute abuse","duration":0,"failureMessages":[]},{"ancestorTitles":["","Token Optimizer Runner","buildOptimizationHints"],"fullName":" Token Optimizer Runner buildOptimizationHints should handle null inputs gracefully","status":"passed","title":"should handle null inputs gracefully","duration":0,"failureMessages":[]},{"ancestorTitles":["","Token Optimizer Runner","isTokenOptimizerAvailable"],"fullName":" Token Optimizer Runner isTokenOptimizerAvailable should return boolean","status":"passed","title":"should return boolean","duration":1,"failureMessages":[]}],"startTime":1777462091947,"endTime":1777462091951,"status":"passed","message":"","name":"C:/Users/24716/.openclaw/extensions/openclaw-lynx-guardian/test/token-optimizer.test.ts"},{"assertionResults":[{"ancestorTitles":["","tool approval runtime"],"fullName":" tool approval runtime appends a separated local log webview note to L3 approval descriptions","status":"passed","title":"appends a separated local log webview note to L3 approval descriptions","duration":2,"failureMessages":[]},{"ancestorTitles":["","tool approval runtime"],"fullName":" tool approval runtime syncs allow-current-chain grants to the Go control plane","status":"passed","title":"syncs allow-current-chain grants to the Go control plane","duration":4,"failureMessages":[]}],"startTime":1777462098629,"endTime":1777462098635,"status":"passed","message":"","name":"C:/Users/24716/.openclaw/extensions/openclaw-lynx-guardian/test/tool-approval-runtime.test.ts"},{"assertionResults":[{"ancestorTitles":["","visible input warning"],"fullName":" visible input warning formats L2 identity warnings as user-visible policy feedback","status":"passed","title":"formats L2 identity warnings as user-visible policy feedback","duration":1,"failureMessages":[]},{"ancestorTitles":["","visible input warning"],"fullName":" visible input warning formats L1 signals as visible observations without blocking the turn","status":"passed","title":"formats L1 signals as visible observations without blocking the turn","duration":0,"failureMessages":[]},{"ancestorTitles":["","visible input warning"],"fullName":" visible input warning keeps L1 model context lightweight and scoped to the detected module","status":"passed","title":"keeps L1 model context lightweight and scoped to the detected module","duration":0,"failureMessages":[]},{"ancestorTitles":["","visible input warning"],"fullName":" visible input warning keeps L2 identity model context visible but module-specific","status":"passed","title":"keeps L2 identity model context visible but module-specific","duration":0,"failureMessages":[]},{"ancestorTitles":["","visible input warning"],"fullName":" visible input warning formats Go decision module labels without reusing plugin M4 ids","status":"passed","title":"formats Go decision module labels without reusing plugin M4 ids","duration":1,"failureMessages":[]},{"ancestorTitles":["","visible input warning"],"fullName":" visible input warning does not emit visible feedback for clean L0 input","status":"passed","title":"does not emit visible feedback for clean L0 input","duration":0,"failureMessages":[]}],"startTime":1777462094777,"endTime":1777462094780,"status":"passed","message":"","name":"C:/Users/24716/.openclaw/extensions/openclaw-lynx-guardian/test/visible-input-warning.test.ts"}]}